<?xml version="1.0" encoding="UTF-8"?>
<!-- Generated by org.testng.reporters.JUnitReportReporter -->
<testsuite hostname="DESKTOP-UFGIHBQ" failures="0" tests="1" name="dockerGitJenkinMvn.demo.test2" time="11.317" errors="0" timestamp="2025-08-04T17:09:22 IST" skipped="0">
  <testcase classname="dockerGitJenkinMvn.demo.test2" name="test12" time="11.317"/>
</testsuite> <!-- dockerGitJenkinMvn.demo.test2 -->
