<?xml version="1.0" encoding="UTF-8"?>
<!-- Generated by org.testng.reporters.JUnitReportReporter -->
<testsuite hostname="DESKTOP-UFGIHBQ" failures="0" tests="1" name="dockerGitJenkinMvn.demo.test3" time="6.001" errors="0" timestamp="2025-08-04T17:09:23 IST" skipped="0">
  <testcase classname="dockerGitJenkinMvn.demo.test3" name="test13" time="6.001"/>
</testsuite> <!-- dockerGitJenkinMvn.demo.test3 -->
